<?xml version="1.0" encoding="UTF-8"?>
<testsuite name="com.solux.bodybubby.BodybubbyApplicationTests" tests="1" skipped="0" failures="0" errors="0" timestamp="2025-12-29T07:02:29.927Z" hostname="MacBook-Pro-7.local" time="0.229">
  <properties/>
  <testcase name="contextLoads()" classname="com.solux.bodybubby.BodybubbyApplicationTests" time="0.229"/>
  <system-out><![CDATA[16:02:27.876 [Test worker] INFO org.springframework.test.context.support.AnnotationConfigContextLoaderUtils -- Could not detect default configuration classes for test class [com.solux.bodybubby.BodybubbyApplicationTests]: BodybubbyApplicationTests does not declare any static, non-private, non-final, nested classes annotated with @Configuration.
16:02:27.912 [Test worker] INFO org.springframework.boot.test.context.SpringBootTestContextBootstrapper -- Found @SpringBootConfiguration com.solux.bodybubby.BodybubbyApplication for test class com.solux.bodybubby.BodybubbyApplicationTests

  .   ____          _            __ _ _
 /\\ / ___'_ __ _ _(_)_ __  __ _ \ \ \ \
( ( )\___ | '_ | '_| | '_ \/ _` | \ \ \ \
 \\/  ___)| |_)| | | | | || (_| |  ) ) ) )
  '  |____| .__|_| |_|_| |_\__, | / / / /
 =========|_|==============|___/=/_/_/_/

 :: Spring Boot ::                (v3.5.7)

2025-12-29T16:02:28.042+09:00  INFO 27808 --- [bodybubby] [    Test worker] c.s.bodybubby.BodybubbyApplicationTests  : Starting BodybubbyApplicationTests using Java 17.0.12 with PID 27808 (started by user in /Users/user/Desktop/SOLUX/30th_2_solux_BodyBuddy_back)
2025-12-29T16:02:28.043+09:00  INFO 27808 --- [bodybubby] [    Test worker] c.s.bodybubby.BodybubbyApplicationTests  : No active profile set, falling back to 1 default profile: "default"
2025-12-29T16:02:28.301+09:00  INFO 27808 --- [bodybubby] [    Test worker] .s.d.r.c.RepositoryConfigurationDelegate : Bootstrapping Spring Data JPA repositories in DEFAULT mode.
2025-12-29T16:02:28.321+09:00  INFO 27808 --- [bodybubby] [    Test worker] .s.d.r.c.RepositoryConfigurationDelegate : Finished Spring Data repository scanning in 17 ms. Found 6 JPA repository interfaces.
2025-12-29T16:02:28.456+09:00  INFO 27808 --- [bodybubby] [    Test worker] o.hibernate.jpa.internal.util.LogHelper  : HHH000204: Processing PersistenceUnitInfo [name: default]
2025-12-29T16:02:28.470+09:00  INFO 27808 --- [bodybubby] [    Test worker] org.hibernate.Version                    : HHH000412: Hibernate ORM core version 6.6.33.Final
2025-12-29T16:02:28.479+09:00  INFO 27808 --- [bodybubby] [    Test worker] o.h.c.internal.RegionFactoryInitiator    : HHH000026: Second-level cache disabled
2025-12-29T16:02:28.556+09:00  INFO 27808 --- [bodybubby] [    Test worker] o.s.o.j.p.SpringPersistenceUnitInfo      : No LoadTimeWeaver setup: ignoring JPA class transformer
2025-12-29T16:02:28.564+09:00  INFO 27808 --- [bodybubby] [    Test worker] com.zaxxer.hikari.HikariDataSource       : HikariPool-1 - Starting...
2025-12-29T16:02:28.675+09:00  INFO 27808 --- [bodybubby] [    Test worker] com.zaxxer.hikari.pool.HikariPool        : HikariPool-1 - Added connection com.mysql.cj.jdbc.ConnectionImpl@4af0c50
2025-12-29T16:02:28.676+09:00  INFO 27808 --- [bodybubby] [    Test worker] com.zaxxer.hikari.HikariDataSource       : HikariPool-1 - Start completed.
2025-12-29T16:02:28.711+09:00  INFO 27808 --- [bodybubby] [    Test worker] org.hibernate.orm.connections.pooling    : HHH10001005: Database info:
	Database JDBC URL [Connecting through datasource 'HikariDataSource (HikariPool-1)']
	Database driver: undefined/unknown
	Database version: 9.4
	Autocommit mode: undefined/unknown
	Isolation level: undefined/unknown
	Minimum pool size: undefined/unknown
	Maximum pool size: undefined/unknown
2025-12-29T16:02:29.093+09:00  INFO 27808 --- [bodybubby] [    Test worker] o.h.e.t.j.p.i.JtaPlatformInitiator       : HHH000489: No JTA platform available (set 'hibernate.transaction.jta.platform' to enable JTA platform integration)
2025-12-29T16:02:29.207+09:00  INFO 27808 --- [bodybubby] [    Test worker] j.LocalContainerEntityManagerFactoryBean : Initialized JPA EntityManagerFactory for persistence unit 'default'
2025-12-29T16:02:29.299+09:00  INFO 27808 --- [bodybubby] [    Test worker] o.s.d.j.r.query.QueryEnhancerFactory     : Hibernate is in classpath; If applicable, HQL parser will be used.
2025-12-29T16:02:29.707+09:00  WARN 27808 --- [bodybubby] [    Test worker] JpaBaseConfiguration$JpaWebConfiguration : spring.jpa.open-in-view is enabled by default. Therefore, database queries may be performed during view rendering. Explicitly configure spring.jpa.open-in-view to disable this warning
2025-12-29T16:02:29.922+09:00  INFO 27808 --- [bodybubby] [    Test worker] c.s.bodybubby.BodybubbyApplicationTests  : Started BodybubbyApplicationTests in 1.953 seconds (process running for 2.325)
]]></system-out>
  <system-err><![CDATA[]]></system-err>
</testsuite>
